

Microchip MPLAB XC8 Assembler V2.32 build 20210201212658 
                                                                                               Sat Mar 11 19:10:56 2023

Microchip MPLAB XC8 C Compiler v2.32 (Free license) build 20210201212658 Og1 
     1                           	processor	16F887
     2                           	pagewidth 120
     3                           	opt	flic
     4                           	psect	strings,global,class=STRING,delta=2,noexec
     5                           	psect	cinit,global,class=CODE,merge=1,delta=2
     6                           	psect	cstackCOMMON,global,class=COMMON,space=1,delta=1,noexec
     7                           	psect	maintext,global,class=CODE,split=1,delta=2
     8                           	psect	text1,local,class=CODE,merge=1,delta=2
     9                           	psect	text2,local,class=CODE,merge=1,delta=2
    10                           	psect	text3,local,class=CODE,merge=1,delta=2
    11                           	dabs	1,0x7E,2
    12  0000                     
    13                           ; Version 2.20
    14                           ; Generated 12/02/2020 GMT
    15                           ; 
    16                           ; Copyright © 2020, Microchip Technology Inc. and its subsidiaries ("Microchip")
    17                           ; All rights reserved.
    18                           ; 
    19                           ; This software is developed by Microchip Technology Inc. and its subsidiaries ("Microch
      +                          ip").
    20                           ; 
    21                           ; Redistribution and use in source and binary forms, with or without modification, are
    22                           ; permitted provided that the following conditions are met:
    23                           ; 
    24                           ;     1. Redistributions of source code must retain the above copyright notice, this lis
      +                          t of
    25                           ;        conditions and the following disclaimer.
    26                           ; 
    27                           ;     2. Redistributions in binary form must reproduce the above copyright notice, this 
      +                          list
    28                           ;        of conditions and the following disclaimer in the documentation and/or other
    29                           ;        materials provided with the distribution.
    30                           ; 
    31                           ;     3. Microchip's name may not be used to endorse or promote products derived from th
      +                          is
    32                           ;        software without specific prior written permission.
    33                           ; 
    34                           ; THIS SOFTWARE IS PROVIDED BY MICROCHIP "AS IS" AND ANY EXPRESS OR IMPLIED WARRANTIES,
    35                           ; INCLUDING, BUT NOT LIMITED TO, THE IMPLIED WARRANTIES OF MERCHANTABILITY AND FITNESS F
      +                          OR
    36                           ; PURPOSE ARE DISCLAIMED.  IN NO EVENT SHALL MICROCHIP BE LIABLE FOR ANY DIRECT, INDIREC
      +                          T,
    37                           ; INCIDENTAL, SPECIAL, EXEMPLARY, OR CONSEQUENTIAL DAMAGES (INCLUDING BUT NOT LIMITED TO
    38                           ; PROCUREMENT OF SUBSTITUTE GOODS OR SERVICES; LOSS OF USE, DATA OR PROFITS; OR BUSINESS
    39                           ; INTERRUPTION) HOWSOEVER CAUSED AND ON ANY THEORY OF LIABILITY, WHETHER IN CONTRACT, ST
      +                          RICT
    40                           ; LIABILITY, OR TORT (INCLUDING NEGLIGENCE OR OTHERWISE) ARISING IN ANY WAY OUT OF THE U
      +                          SE OF
    41                           ; THIS SOFTWARE, EVEN IF ADVISED OF THE POSSIBILITY OF SUCH DAMAGE.
    42                           ; 
    43                           ; 
    44                           ; Code-generator required, PIC16F887 Definitions
    45                           ; 
    46                           ; SFR Addresses
    47  0000                     	;# 
    48  0001                     	;# 
    49  0002                     	;# 
    50  0003                     	;# 
    51  0004                     	;# 
    52  0005                     	;# 
    53  0006                     	;# 
    54  0007                     	;# 
    55  0008                     	;# 
    56  0009                     	;# 
    57  000A                     	;# 
    58  000B                     	;# 
    59  000C                     	;# 
    60  000D                     	;# 
    61  000E                     	;# 
    62  000E                     	;# 
    63  000F                     	;# 
    64  0010                     	;# 
    65  0011                     	;# 
    66  0012                     	;# 
    67  0013                     	;# 
    68  0014                     	;# 
    69  0015                     	;# 
    70  0015                     	;# 
    71  0016                     	;# 
    72  0017                     	;# 
    73  0018                     	;# 
    74  0019                     	;# 
    75  001A                     	;# 
    76  001B                     	;# 
    77  001B                     	;# 
    78  001C                     	;# 
    79  001D                     	;# 
    80  001E                     	;# 
    81  001F                     	;# 
    82  0081                     	;# 
    83  0085                     	;# 
    84  0086                     	;# 
    85  0087                     	;# 
    86  0088                     	;# 
    87  0089                     	;# 
    88  008C                     	;# 
    89  008D                     	;# 
    90  008E                     	;# 
    91  008F                     	;# 
    92  0090                     	;# 
    93  0091                     	;# 
    94  0092                     	;# 
    95  0093                     	;# 
    96  0093                     	;# 
    97  0093                     	;# 
    98  0094                     	;# 
    99  0095                     	;# 
   100  0096                     	;# 
   101  0097                     	;# 
   102  0098                     	;# 
   103  0099                     	;# 
   104  009A                     	;# 
   105  009B                     	;# 
   106  009C                     	;# 
   107  009D                     	;# 
   108  009E                     	;# 
   109  009F                     	;# 
   110  0105                     	;# 
   111  0107                     	;# 
   112  0108                     	;# 
   113  0109                     	;# 
   114  010C                     	;# 
   115  010C                     	;# 
   116  010D                     	;# 
   117  010E                     	;# 
   118  010F                     	;# 
   119  0185                     	;# 
   120  0187                     	;# 
   121  0188                     	;# 
   122  0189                     	;# 
   123  018C                     	;# 
   124  018D                     	;# 
   125  0000                     	;# 
   126  0001                     	;# 
   127  0002                     	;# 
   128  0003                     	;# 
   129  0004                     	;# 
   130  0005                     	;# 
   131  0006                     	;# 
   132  0007                     	;# 
   133  0008                     	;# 
   134  0009                     	;# 
   135  000A                     	;# 
   136  000B                     	;# 
   137  000C                     	;# 
   138  000D                     	;# 
   139  000E                     	;# 
   140  000E                     	;# 
   141  000F                     	;# 
   142  0010                     	;# 
   143  0011                     	;# 
   144  0012                     	;# 
   145  0013                     	;# 
   146  0014                     	;# 
   147  0015                     	;# 
   148  0015                     	;# 
   149  0016                     	;# 
   150  0017                     	;# 
   151  0018                     	;# 
   152  0019                     	;# 
   153  001A                     	;# 
   154  001B                     	;# 
   155  001B                     	;# 
   156  001C                     	;# 
   157  001D                     	;# 
   158  001E                     	;# 
   159  001F                     	;# 
   160  0081                     	;# 
   161  0085                     	;# 
   162  0086                     	;# 
   163  0087                     	;# 
   164  0088                     	;# 
   165  0089                     	;# 
   166  008C                     	;# 
   167  008D                     	;# 
   168  008E                     	;# 
   169  008F                     	;# 
   170  0090                     	;# 
   171  0091                     	;# 
   172  0092                     	;# 
   173  0093                     	;# 
   174  0093                     	;# 
   175  0093                     	;# 
   176  0094                     	;# 
   177  0095                     	;# 
   178  0096                     	;# 
   179  0097                     	;# 
   180  0098                     	;# 
   181  0099                     	;# 
   182  009A                     	;# 
   183  009B                     	;# 
   184  009C                     	;# 
   185  009D                     	;# 
   186  009E                     	;# 
   187  009F                     	;# 
   188  0105                     	;# 
   189  0107                     	;# 
   190  0108                     	;# 
   191  0109                     	;# 
   192  010C                     	;# 
   193  010C                     	;# 
   194  010D                     	;# 
   195  010E                     	;# 
   196  010F                     	;# 
   197  0185                     	;# 
   198  0187                     	;# 
   199  0188                     	;# 
   200  0189                     	;# 
   201  018C                     	;# 
   202  018D                     	;# 
   203  0008                     _PORTD	set	8
   204  0007                     _PORTC	set	7
   205  0039                     _RC1	set	57
   206  0038                     _RC0	set	56
   207  003A                     _RC2	set	58
   208  0088                     _TRISD	set	136
   209  0087                     _TRISC	set	135
   210                           
   211                           	psect	strings
   212  0003                     __pstrings:
   213  0003                     stringtab:
   214  0003                     __stringtab:
   215  0003                     stringcode:	
   216                           ;	String table - string pointers are 1 byte each
   217                           
   218  0003                     stringdir:
   219  0003  3000               	movlw	high stringdir
   220  0004  008A               	movwf	10
   221  0005  0804               	movf	4,w
   222  0006  0A84               	incf	4,f
   223  0007  0782               	addwf	2,f
   224  0008                     __stringbase:
   225  0008  3400               	retlw	0
   226  0009                     __end_of__stringtab:
   227  0009                     STR_1:
   228  0009  3470               	retlw	112	;'p'
   229  000A  3472               	retlw	114	;'r'
   230  000B  3461               	retlw	97	;'a'
   231  000C  3474               	retlw	116	;'t'
   232  000D  3468               	retlw	104	;'h'
   233  000E  3461               	retlw	97	;'a'
   234  000F  3470               	retlw	112	;'p'
   235  0010  3400               	retlw	0
   236  0011                     STR_2:
   237  0011  346C               	retlw	108	;'l'
   238  0012  3465               	retlw	101	;'e'
   239  0013  346F               	retlw	111	;'o'
   240  0014  3400               	retlw	0
   241                           
   242                           	psect	cinit
   243  07FC                     start_initialization:	
   244                           ; #config settings
   245                           
   246  07FC                     __initialization:
   247  07FC                     end_of_initialization:	
   248                           ;End of C runtime variable initialization code
   249                           
   250  07FC                     __end_of__initialization:
   251  07FC  0183               	clrf	3
   252  07FD  120A  118A  2F97   	ljmp	_main	;jump to C main() function
   253                           
   254                           	psect	cstackCOMMON
   255  0070                     __pcstackCOMMON:
   256  0070                     ?_display:
   257  0070                     ?_main:	
   258                           ; 1 bytes @ 0x0
   259                           
   260  0070                     ?_pulse:	
   261                           ; 1 bytes @ 0x0
   262                           
   263  0070                     ??_pulse:	
   264                           ; 1 bytes @ 0x0
   265                           
   266                           
   267                           ; 1 bytes @ 0x0
   268  0070                     	ds	2
   269  0072                     ?_lcd:
   270  0072                     ??_display:	
   271                           ; 1 bytes @ 0x2
   272                           
   273  0072                     lcd@a:	
   274                           ; 1 bytes @ 0x2
   275                           
   276                           
   277                           ; 2 bytes @ 0x2
   278  0072                     	ds	1
   279  0073                     display@p:
   280                           
   281                           ; 1 bytes @ 0x3
   282  0073                     	ds	1
   283  0074                     ??_lcd:
   284  0074                     ??_main:	
   285                           ; 1 bytes @ 0x4
   286                           
   287                           
   288                           ; 1 bytes @ 0x4
   289  0074                     	ds	1
   290  0075                     main@i:
   291                           
   292                           ; 2 bytes @ 0x5
   293  0075                     	ds	2
   294                           
   295                           	psect	maintext
   296  0797                     __pmaintext:	
   297 ;;
   298 ;;Main: autosize = 0, tempsize = 1, incstack = 0, save=0
   299 ;;
   300 ;; *************** function _main *****************
   301 ;; Defined at:
   302 ;;		line 13 in file "NAME DISPALY USING POINTER.c"
   303 ;; Parameters:    Size  Location     Type
   304 ;;		None
   305 ;; Auto vars:     Size  Location     Type
   306 ;;  i               2    5[COMMON] int 
   307 ;; Return value:  Size  Location     Type
   308 ;;                  1    wreg      void 
   309 ;; Registers used:
   310 ;;		wreg, fsr0l, fsr0h, status,2, status,0, btemp+1, pclath, cstack
   311 ;; Tracked objects:
   312 ;;		On entry : B00/0
   313 ;;		On exit  : 0/0
   314 ;;		Unchanged: 0/0
   315 ;; Data sizes:     COMMON   BANK0   BANK1   BANK3   BANK2
   316 ;;      Params:         0       0       0       0       0
   317 ;;      Locals:         2       0       0       0       0
   318 ;;      Temps:          1       0       0       0       0
   319 ;;      Totals:         3       0       0       0       0
   320 ;;Total ram usage:        3 bytes
   321 ;; Hardware stack levels required when called: 2
   322 ;; This function calls:
   323 ;;		_display
   324 ;;		_lcd
   325 ;; This function is called by:
   326 ;;		Startup code after reset
   327 ;; This function uses a non-reentrant model
   328 ;;
   329                           
   330                           
   331                           ;psect for function _main
   332  0797                     _main:
   333  0797                     l694:	
   334                           ;incstack = 0
   335                           ; Regs used in _main: [wreg-fsr0h+status,2+status,0+btemp+1+pclath+cstack]
   336                           
   337                           
   338                           ;NAME DISPALY USING POINTER.c: 15:     TRISC=0X00;
   339  0797  1683               	bsf	3,5	;RP0=1, select bank1
   340  0798  1303               	bcf	3,6	;RP1=0, select bank1
   341  0799  0187               	clrf	7	;volatile
   342                           
   343                           ;NAME DISPALY USING POINTER.c: 16:     TRISD=0X00;
   344  079A  0188               	clrf	8	;volatile
   345                           
   346                           ;NAME DISPALY USING POINTER.c: 17:     PORTC=0X00;
   347  079B  1283               	bcf	3,5	;RP0=0, select bank0
   348  079C  1303               	bcf	3,6	;RP1=0, select bank0
   349  079D  0187               	clrf	7	;volatile
   350                           
   351                           ;NAME DISPALY USING POINTER.c: 18:     PORTD=0X00;
   352  079E  0188               	clrf	8	;volatile
   353  079F                     l696:
   354                           
   355                           ;NAME DISPALY USING POINTER.c: 19:     lcd(0x38);
   356  079F  3038               	movlw	56
   357  07A0  00F2               	movwf	lcd@a
   358  07A1  3000               	movlw	0
   359  07A2  00F3               	movwf	lcd@a+1
   360  07A3  120A  118A  274C  120A  118A  	fcall	_lcd
   361  07A8                     l698:
   362                           
   363                           ;NAME DISPALY USING POINTER.c: 20:     lcd(0x0e);
   364  07A8  300E               	movlw	14
   365  07A9  00F2               	movwf	lcd@a
   366  07AA  3000               	movlw	0
   367  07AB  00F3               	movwf	lcd@a+1
   368  07AC  120A  118A  274C  120A  118A  	fcall	_lcd
   369  07B1                     l25:	
   370                           ;NAME DISPALY USING POINTER.c: 21:     while(1)
   371                           
   372                           
   373                           ;NAME DISPALY USING POINTER.c: 22:     {;NAME DISPALY USING POINTER.c: 23:         int i
      +                          =0;
   374  07B1  01F5               	clrf	main@i
   375  07B2  01F6               	clrf	main@i+1
   376                           
   377                           ;NAME DISPALY USING POINTER.c: 24:         for (i=0;i<=15;i++)
   378  07B3  01F5               	clrf	main@i
   379  07B4  01F6               	clrf	main@i+1
   380  07B5                     l704:
   381                           
   382                           ;NAME DISPALY USING POINTER.c: 25:         {;NAME DISPALY USING POINTER.c: 26:          
      +                             lcd(0x80+i);
   383  07B5  0875               	movf	main@i,w
   384  07B6  3E80               	addlw	128
   385  07B7  00F2               	movwf	lcd@a
   386  07B8  0876               	movf	main@i+1,w
   387  07B9  1803               	skipnc
   388  07BA  3E01               	addlw	1
   389  07BB  3E00               	addlw	0
   390  07BC  00F3               	movwf	lcd@a+1
   391  07BD  120A  118A  274C  120A  118A  	fcall	_lcd
   392  07C2                     l706:
   393                           
   394                           ;NAME DISPALY USING POINTER.c: 27:             display("prathap");
   395  07C2  3001               	movlw	(low ((STR_1-__stringbase)| (0+32768)))& (0+255)
   396  07C3  120A  118A  2771  120A  118A  	fcall	_display
   397  07C8                     l708:
   398                           
   399                           ;NAME DISPALY USING POINTER.c: 28:             lcd(0xcf-i);
   400  07C8  30CF               	movlw	207
   401  07C9  00F4               	movwf	??_main
   402  07CA  0875               	movf	main@i,w
   403  07CB  0274               	subwf	??_main,w
   404  07CC  00F2               	movwf	lcd@a
   405  07CD  0976               	comf	main@i+1,w
   406  07CE  1803               	skipnc
   407  07CF  3E01               	addlw	1
   408  07D0  00F3               	movwf	lcd@a+1
   409  07D1  120A  118A  274C  120A  118A  	fcall	_lcd
   410                           
   411                           ;NAME DISPALY USING POINTER.c: 29:             display("leo");
   412  07D6  3009               	movlw	(low ((STR_2-__stringbase)| (0+32768)))& (0+255)
   413  07D7  120A  118A  2771  120A  118A  	fcall	_display
   414  07DC                     l710:
   415                           
   416                           ;NAME DISPALY USING POINTER.c: 30:             lcd(0x01);
   417  07DC  3001               	movlw	1
   418  07DD  00F2               	movwf	lcd@a
   419  07DE  3000               	movlw	0
   420  07DF  00F3               	movwf	lcd@a+1
   421  07E0  120A  118A  274C  120A  118A  	fcall	_lcd
   422  07E5                     l712:
   423                           
   424                           ;NAME DISPALY USING POINTER.c: 31:         }
   425  07E5  3001               	movlw	1
   426  07E6  07F5               	addwf	main@i,f
   427  07E7  1803               	skipnc
   428  07E8  0AF6               	incf	main@i+1,f
   429  07E9  3000               	movlw	0
   430  07EA  07F6               	addwf	main@i+1,f
   431  07EB                     l714:
   432  07EB  0876               	movf	main@i+1,w
   433  07EC  3A80               	xorlw	128
   434  07ED  00FF               	movwf	btemp+1
   435  07EE  3080               	movlw	128
   436  07EF  027F               	subwf	btemp+1,w
   437  07F0  1D03               	skipz
   438  07F1  2FF4               	goto	u45
   439  07F2  3010               	movlw	16
   440  07F3  0275               	subwf	main@i,w
   441  07F4                     u45:
   442  07F4  1C03               	skipc
   443  07F5  2FF7               	goto	u41
   444  07F6  2FF8               	goto	u40
   445  07F7                     u41:
   446  07F7  2FB5               	goto	l704
   447  07F8                     u40:
   448  07F8  2FB1               	goto	l25
   449  07F9  120A  118A  2800   	ljmp	start
   450  07FC                     __end_of_main:
   451                           
   452                           	psect	text1
   453  074C                     __ptext1:	
   454 ;; *************** function _lcd *****************
   455 ;; Defined at:
   456 ;;		line 41 in file "NAME DISPALY USING POINTER.c"
   457 ;; Parameters:    Size  Location     Type
   458 ;;  a               2    2[COMMON] int 
   459 ;; Auto vars:     Size  Location     Type
   460 ;;		None
   461 ;; Return value:  Size  Location     Type
   462 ;;                  1    wreg      void 
   463 ;; Registers used:
   464 ;;		wreg, status,2, status,0, pclath, cstack
   465 ;; Tracked objects:
   466 ;;		On entry : 0/0
   467 ;;		On exit  : 0/0
   468 ;;		Unchanged: 0/0
   469 ;; Data sizes:     COMMON   BANK0   BANK1   BANK3   BANK2
   470 ;;      Params:         2       0       0       0       0
   471 ;;      Locals:         0       0       0       0       0
   472 ;;      Temps:          0       0       0       0       0
   473 ;;      Totals:         2       0       0       0       0
   474 ;;Total ram usage:        2 bytes
   475 ;; Hardware stack levels used: 1
   476 ;; Hardware stack levels required when called: 1
   477 ;; This function calls:
   478 ;;		_pulse
   479 ;; This function is called by:
   480 ;;		_main
   481 ;; This function uses a non-reentrant model
   482 ;;
   483                           
   484                           
   485                           ;psect for function _lcd
   486  074C                     _lcd:
   487  074C                     l678:	
   488                           ;incstack = 0
   489                           ; Regs used in _lcd: [wreg+status,2+status,0+pclath+cstack]
   490                           
   491                           
   492                           ;NAME DISPALY USING POINTER.c: 41: void lcd(int a);NAME DISPALY USING POINTER.c: 42: {;N
      +                          AME DISPALY USING POINTER.c: 43:     RC0=0;
   493  074C  1283               	bcf	3,5	;RP0=0, select bank0
   494  074D  1303               	bcf	3,6	;RP1=0, select bank0
   495  074E  1007               	bcf	7,0	;volatile
   496                           
   497                           ;NAME DISPALY USING POINTER.c: 44:     RC1=0;
   498  074F  1087               	bcf	7,1	;volatile
   499  0750                     l680:
   500                           
   501                           ;NAME DISPALY USING POINTER.c: 45:     PORTD=a;
   502  0750  0872               	movf	lcd@a,w
   503  0751  0088               	movwf	8	;volatile
   504  0752                     l682:
   505                           
   506                           ;NAME DISPALY USING POINTER.c: 46:     pulse();
   507  0752  120A  118A  2758  120A  118A  	fcall	_pulse
   508  0757                     l36:
   509  0757  0008               	return
   510  0758                     __end_of_lcd:
   511                           
   512                           	psect	text2
   513  0771                     __ptext2:	
   514 ;; *************** function _display *****************
   515 ;; Defined at:
   516 ;;		line 48 in file "NAME DISPALY USING POINTER.c"
   517 ;; Parameters:    Size  Location     Type
   518 ;;  p               1    wreg     PTR unsigned char 
   519 ;;		 -> STR_2(4), STR_1(8), 
   520 ;; Auto vars:     Size  Location     Type
   521 ;;  p               1    3[COMMON] PTR unsigned char 
   522 ;;		 -> STR_2(4), STR_1(8), 
   523 ;; Return value:  Size  Location     Type
   524 ;;                  1    wreg      void 
   525 ;; Registers used:
   526 ;;		wreg, fsr0l, fsr0h, status,2, status,0, pclath, cstack
   527 ;; Tracked objects:
   528 ;;		On entry : 0/0
   529 ;;		On exit  : 0/0
   530 ;;		Unchanged: 0/0
   531 ;; Data sizes:     COMMON   BANK0   BANK1   BANK3   BANK2
   532 ;;      Params:         0       0       0       0       0
   533 ;;      Locals:         1       0       0       0       0
   534 ;;      Temps:          1       0       0       0       0
   535 ;;      Totals:         2       0       0       0       0
   536 ;;Total ram usage:        2 bytes
   537 ;; Hardware stack levels used: 1
   538 ;; Hardware stack levels required when called: 1
   539 ;; This function calls:
   540 ;;		_pulse
   541 ;; This function is called by:
   542 ;;		_main
   543 ;; This function uses a non-reentrant model
   544 ;;
   545                           
   546                           
   547                           ;psect for function _display
   548  0771                     _display:
   549                           
   550                           ;incstack = 0
   551                           ; Regs used in _display: [wreg-fsr0h+status,2+status,0+pclath+cstack]
   552                           ;display@p stored from wreg
   553  0771  00F3               	movwf	display@p
   554  0772                     l684:
   555                           
   556                           ;NAME DISPALY USING POINTER.c: 48: void display(char *p);NAME DISPALY USING POINTER.c: 4
      +                          9: {;NAME DISPALY USING POINTER.c: 50:     RC1=0;
   557  0772  1283               	bcf	3,5	;RP0=0, select bank0
   558  0773  1303               	bcf	3,6	;RP1=0, select bank0
   559  0774  1087               	bcf	7,1	;volatile
   560                           
   561                           ;NAME DISPALY USING POINTER.c: 51:     RC0=1;
   562  0775  1407               	bsf	7,0	;volatile
   563                           
   564                           ;NAME DISPALY USING POINTER.c: 52:     for ( ;*p!='\0';p++)
   565  0776  2F8A               	goto	l692
   566  0777                     l686:
   567                           
   568                           ;NAME DISPALY USING POINTER.c: 53:     {;NAME DISPALY USING POINTER.c: 54:        PORTD=
      +                          *p;
   569  0777  0873               	movf	display@p,w
   570  0778  0084               	movwf	4
   571  0779  120A  118A  2003  120A  118A  	fcall	stringdir
   572  077E  1283               	bcf	3,5	;RP0=0, select bank0
   573  077F  1303               	bcf	3,6	;RP1=0, select bank0
   574  0780  0088               	movwf	8	;volatile
   575  0781                     l688:
   576                           
   577                           ;NAME DISPALY USING POINTER.c: 55:        pulse();
   578  0781  120A  118A  2758  120A  118A  	fcall	_pulse
   579  0786                     l690:
   580                           
   581                           ;NAME DISPALY USING POINTER.c: 56:     }
   582  0786  3001               	movlw	1
   583  0787  00F2               	movwf	??_display
   584  0788  0872               	movf	??_display,w
   585  0789  07F3               	addwf	display@p,f
   586  078A                     l692:
   587  078A  0873               	movf	display@p,w
   588  078B  0084               	movwf	4
   589  078C  120A  118A  2003  120A  118A  	fcall	stringdir
   590  0791  3A00               	xorlw	0
   591  0792  1D03               	skipz
   592  0793  2F95               	goto	u31
   593  0794  2F96               	goto	u30
   594  0795                     u31:
   595  0795  2F77               	goto	l686
   596  0796                     u30:
   597  0796                     l42:
   598  0796  0008               	return
   599  0797                     __end_of_display:
   600                           
   601                           	psect	text3
   602  0758                     __ptext3:	
   603 ;; *************** function _pulse *****************
   604 ;; Defined at:
   605 ;;		line 34 in file "NAME DISPALY USING POINTER.c"
   606 ;; Parameters:    Size  Location     Type
   607 ;;		None
   608 ;; Auto vars:     Size  Location     Type
   609 ;;		None
   610 ;; Return value:  Size  Location     Type
   611 ;;                  1    wreg      void 
   612 ;; Registers used:
   613 ;;		wreg
   614 ;; Tracked objects:
   615 ;;		On entry : 0/0
   616 ;;		On exit  : 0/0
   617 ;;		Unchanged: 0/0
   618 ;; Data sizes:     COMMON   BANK0   BANK1   BANK3   BANK2
   619 ;;      Params:         0       0       0       0       0
   620 ;;      Locals:         0       0       0       0       0
   621 ;;      Temps:          2       0       0       0       0
   622 ;;      Totals:         2       0       0       0       0
   623 ;;Total ram usage:        2 bytes
   624 ;; Hardware stack levels used: 1
   625 ;; This function calls:
   626 ;;		Nothing
   627 ;; This function is called by:
   628 ;;		_lcd
   629 ;;		_display
   630 ;; This function uses a non-reentrant model
   631 ;;
   632                           
   633                           
   634                           ;psect for function _pulse
   635  0758                     _pulse:
   636  0758                     l634:	
   637                           ;incstack = 0
   638                           ; Regs used in _pulse: [wreg]
   639                           
   640                           
   641                           ;NAME DISPALY USING POINTER.c: 36:     RC2=1;
   642  0758  1283               	bcf	3,5	;RP0=0, select bank0
   643  0759  1303               	bcf	3,6	;RP1=0, select bank0
   644  075A  1507               	bsf	7,2	;volatile
   645  075B                     l636:
   646                           
   647                           ;NAME DISPALY USING POINTER.c: 37:     _delay((unsigned long)((500)*(400000/4000.0)));
   648  075B  3041               	movlw	65
   649  075C  00F1               	movwf	??_pulse+1
   650  075D  30EE               	movlw	238
   651  075E  00F0               	movwf	??_pulse
   652  075F                     u57:
   653  075F  0BF0               	decfsz	??_pulse,f
   654  0760  2F5F               	goto	u57
   655  0761  0BF1               	decfsz	??_pulse+1,f
   656  0762  2F5F               	goto	u57
   657  0763  0000               	nop
   658  0764                     l638:
   659                           
   660                           ;NAME DISPALY USING POINTER.c: 38:     RC2=0;
   661  0764  1283               	bcf	3,5	;RP0=0, select bank0
   662  0765  1303               	bcf	3,6	;RP1=0, select bank0
   663  0766  1107               	bcf	7,2	;volatile
   664                           
   665                           ;NAME DISPALY USING POINTER.c: 39:     _delay((unsigned long)((500)*(400000/4000.0)));
   666  0767  3041               	movlw	65
   667  0768  00F1               	movwf	??_pulse+1
   668  0769  30EE               	movlw	238
   669  076A  00F0               	movwf	??_pulse
   670  076B                     u67:
   671  076B  0BF0               	decfsz	??_pulse,f
   672  076C  2F6B               	goto	u67
   673  076D  0BF1               	decfsz	??_pulse+1,f
   674  076E  2F6B               	goto	u67
   675  076F  0000               	nop
   676  0770                     l33:
   677  0770  0008               	return
   678  0771                     __end_of_pulse:
   679  007E                     btemp	set	126	;btemp
   680  007E                     wtemp0	set	126

Data Sizes:
    Strings     12
    Constant    0
    Data        0
    BSS         0
    Persistent  0
    Stack       0

Auto Spaces:
    Space          Size  Autos    Used
    COMMON           14      7       7
    BANK0            80      0       0
    BANK1            80      0       0
    BANK3            96      0       0
    BANK2            96      0       0

Pointer List with Targets:

    display@p	PTR unsigned char  size(1) Largest target is 8
		 -> STR_2(CODE[4]), STR_1(CODE[8]), 


Critical Paths under _main in COMMON

    _main->_display
    _main->_lcd
    _lcd->_pulse
    _display->_pulse

Critical Paths under _main in BANK0

    None.

Critical Paths under _main in BANK1

    None.

Critical Paths under _main in BANK3

    None.

Critical Paths under _main in BANK2

    None.

Call Graph Tables:

 ---------------------------------------------------------------------------------
 (Depth) Function   	        Calls       Base Space   Used Autos Params    Refs
 ---------------------------------------------------------------------------------
 (0) _main                                                 3     3      0     604
                                              4 COMMON     3     3      0
                            _display
                                _lcd
 ---------------------------------------------------------------------------------
 (1) _lcd                                                  2     0      2     402
                                              2 COMMON     2     0      2
                              _pulse
 ---------------------------------------------------------------------------------
 (1) _display                                              2     2      0     111
                                              2 COMMON     2     2      0
                              _pulse
 ---------------------------------------------------------------------------------
 (2) _pulse                                                2     2      0       0
                                              0 COMMON     2     2      0
 ---------------------------------------------------------------------------------
 Estimated maximum stack depth 2
 ---------------------------------------------------------------------------------

 Call Graph Graphs:

 _main (ROOT)
   _display
     _pulse
   _lcd
     _pulse

 Address spaces:
Name               Size   Autos  Total    Cost      Usage
BITCOMMON            E      0       0       0        0.0%
EEDATA             100      0       0       0        0.0%
NULL                 0      0       0       0        0.0%
CODE                 0      0       0       0        0.0%
COMMON               E      7       7       1       50.0%
BITSFR0              0      0       0       1        0.0%
SFR0                 0      0       0       1        0.0%
BITSFR1              0      0       0       2        0.0%
SFR1                 0      0       0       2        0.0%
STACK                0      0       0       2        0.0%
ABS                  0      0       0       3        0.0%
BITBANK0            50      0       0       4        0.0%
BITSFR3              0      0       0       4        0.0%
SFR3                 0      0       0       4        0.0%
BANK0               50      0       0       5        0.0%
BITSFR2              0      0       0       5        0.0%
SFR2                 0      0       0       5        0.0%
BITBANK1            50      0       0       6        0.0%
BANK1               50      0       0       7        0.0%
BITBANK3            60      0       0       8        0.0%
BANK3               60      0       0       9        0.0%
BITBANK2            60      0       0      10        0.0%
BANK2               60      0       0      11        0.0%
DATA                 0      0       0      12        0.0%


Microchip Technology PIC Macro Assembler V2.32 build 20210201212658 
Symbol Table                                                                                   Sat Mar 11 19:10:56 2023

                      pc 0002                       l33 0770                       l25 07B1  
                     l42 0796                       l36 0757                       u30 0796  
                     u31 0795                       u40 07F8                       u41 07F7  
                     u45 07F4                       u57 075F                       u67 076B  
                     fsr 0004                      l710 07DC                      l712 07E5  
                    l704 07B5                      l634 0758                      l714 07EB  
                    l706 07C2                      l636 075B                      l708 07C8  
                    l638 0764                      l680 0750                      l690 0786  
                    l682 0752                      l692 078A                      l684 0772  
                    l686 0777                      l678 074C                      l694 0797  
                    l688 0781                      l696 079F                      l698 07A8  
                    _RC0 0038                      _RC1 0039                      _RC2 003A  
                    _lcd 074C                      fsr0 0004                     ?_lcd 0072  
                   STR_1 0009                     STR_2 0011                     _main 0797  
                   lcd@a 0072                     btemp 007E                     start 0000  
                  ??_lcd 0074                    ?_main 0070                    _PORTC 0007  
                  _PORTD 0008                    _TRISC 0087                    _TRISD 0088  
        __end_of_display 0797                    _pulse 0758                    main@i 0075  
                  pclath 000A                    status 0003                    wtemp0 007E  
        __initialization 07FC             __end_of_main 07FC                   ??_main 0074  
                 ?_pulse 0070                ??_display 0072  __end_of__initialization 07FC  
         __pcstackCOMMON 0070            __end_of_pulse 0771                  ??_pulse 0070  
             __pmaintext 0797               __stringtab 0003                  __ptext1 074C  
                __ptext2 0771                  __ptext3 0758                  _display 0771  
           __size_of_lcd 000C     end_of_initialization 07FC      start_initialization 07FC  
            __end_of_lcd 0758                ___latbits 0002                __pstrings 0003  
               ?_display 0070           __size_of_pulse 0019              __stringbase 0008  
     __end_of__stringtab 0009         __size_of_display 0026            __size_of_main 0065  
               display@p 0073                stringcode 0003                 stringdir 0003  
               stringtab 0003  
